  % Total    % Received % Xferd  Average Speed   Time    Time     Time  Current
                                 Dload  Upload   Total   Spent    Left  Speed
  0     0    0     0    0     0      0      0 --:--:-- --:--:-- --:--:--     0*   Trying 18.216.222.121:80...
* TCP_NODELAY set
  0     0    0     0    0     0      0      0 --:--:-- --:--:-- --:--:--     0* Connected to ec2-18-216-222-121.us-east-2.compute.amazonaws.com (18.216.222.121) port 80 (#0)
> GET /static/js/bundle.js HTTP/1.1
> Host: ec2-18-216-222-121.us-east-2.compute.amazonaws.com
> User-Agent: curl/7.68.0
> Accept: */*
> Cookie: login=eyJsb2duYW1lIjoiYXdkZW9yaW8ifQ.YWzHSQ.3IJb5cW_JW4YufbyEDpytmZcKkg
> 
* Mark bundle as not supporting multiuse
< HTTP/1.1 200 OK
< Server: nginx/1.18.0 (Ubuntu)
< Date: Mon, 18 Oct 2021 01:02:08 GMT
< Content-Type: application/javascript; charset=utf-8
< Content-Length: 1637437
< Connection: keep-alive
< Content-Disposition: inline; filename=bundle.js
< Last-Modified: Mon, 18 Oct 2021 00:59:09 GMT
< Cache-Control: no-cache
< 
{ [1059 bytes data]
100 1599k  100 1599k    0     0  2820k      0 --:--:-- --:--:-- --:--:-- 2815k
* Connection #0 to host ec2-18-216-222-121.us-east-2.compute.amazonaws.com left intact
