  % Total    % Received % Xferd  Average Speed   Time    Time     Time  Current
                                 Dload  Upload   Total   Spent    Left  Speed
  0     0    0     0    0     0      0      0 --:--:-- --:--:-- --:--:--     0*   Trying 18.220.129.152:80...
* TCP_NODELAY set
* Connected to ec2-18-220-129-152.us-east-2.compute.amazonaws.com (18.220.129.152) port 80 (#0)
> GET / HTTP/1.1
> Host: ec2-18-220-129-152.us-east-2.compute.amazonaws.com
> User-Agent: curl/7.68.0
> Accept: */*
> Cookie: login=eyJsb2duYW1lIjoiYXdkZW9yaW8ifQ.YWyv2g.h9UI42rES23hrpmgLiW_pmzWDWE
> 
* Mark bundle as not supporting multiuse
< HTTP/1.1 200 OK
< Server: nginx/1.18.0 (Ubuntu)
< Date: Sun, 17 Oct 2021 23:22:27 GMT
< Content-Type: text/html; charset=utf-8
< Content-Length: 696
< Connection: keep-alive
< Vary: Cookie
< 
{ [696 bytes data]
100   696  100   696    0     0   6000      0 --:--:-- --:--:-- --:--:--  6000
* Connection #0 to host ec2-18-220-129-152.us-east-2.compute.amazonaws.com left intact
